  [1m[35m (0.7ms)[0m  [1m[35mDROP DATABASE IF EXISTS "spellbinder_fe_development"[0m
  [1m[35m (0.1ms)[0m  [1m[35mDROP DATABASE IF EXISTS "spellbinder_fe_test"[0m
  [1m[35m (149.5ms)[0m  [1m[35mCREATE DATABASE "spellbinder_fe_development" ENCODING = 'unicode'[0m
  [1m[35m (59.5ms)[0m  [1m[35mCREATE DATABASE "spellbinder_fe_test" ENCODING = 'unicode'[0m
  [1m[35m (7.9ms)[0m  [1m[35mCREATE TABLE "schema_migrations" ("version" character varying NOT NULL PRIMARY KEY)[0m
  [1m[35m (1.8ms)[0m  [1m[35mCREATE TABLE "ar_internal_metadata" ("key" character varying NOT NULL PRIMARY KEY, "value" character varying, "created_at" timestamp(6) NOT NULL, "updated_at" timestamp(6) NOT NULL)[0m
  [1m[35m (0.1ms)[0m  [1m[34mSELECT pg_try_advisory_lock(6442975894232411730)[0m
  [1m[36mActiveRecord::SchemaMigration Pluck (0.2ms)[0m  [1m[34mSELECT "schema_migrations"."version" FROM "schema_migrations" ORDER BY "schema_migrations"."version" ASC[0m
Migrating to CreateUsers (20230913002447)
  [1m[36mTRANSACTION (0.0ms)[0m  [1m[35mBEGIN[0m
  [1m[35m (2.3ms)[0m  [1m[35mCREATE TABLE "users" ("id" bigserial primary key, "email" character varying, "name" character varying, "created_at" timestamp(6) NOT NULL, "updated_at" timestamp(6) NOT NULL)[0m
  [1m[36mActiveRecord::SchemaMigration Create (2.5ms)[0m  [1m[32mINSERT INTO "schema_migrations" ("version") VALUES ($1) RETURNING "version"[0m  [["version", "20230913002447"]]
  [1m[36mTRANSACTION (0.5ms)[0m  [1m[35mCOMMIT[0m
  [1m[36mActiveRecord::InternalMetadata Load (0.1ms)[0m  [1m[34mSELECT "ar_internal_metadata".* FROM "ar_internal_metadata" WHERE "ar_internal_metadata"."key" = $1 LIMIT $2[0m  [["key", "environment"], ["LIMIT", 1]]
  [1m[36mTRANSACTION (0.0ms)[0m  [1m[35mBEGIN[0m
  [1m[36mActiveRecord::InternalMetadata Create (1.2ms)[0m  [1m[32mINSERT INTO "ar_internal_metadata" ("key", "value", "created_at", "updated_at") VALUES ($1, $2, $3, $4) RETURNING "key"[0m  [["key", "environment"], ["value", "development"], ["created_at", "2023-09-13 00:27:02.744119"], ["updated_at", "2023-09-13 00:27:02.744119"]]
  [1m[36mTRANSACTION (0.1ms)[0m  [1m[35mCOMMIT[0m
  [1m[35m (0.1ms)[0m  [1m[34mSELECT pg_advisory_unlock(6442975894232411730)[0m
  [1m[36mActiveRecord::SchemaMigration Pluck (0.2ms)[0m  [1m[34mSELECT "schema_migrations"."version" FROM "schema_migrations" ORDER BY "schema_migrations"."version" ASC[0m
  [1m[35m (1.0ms)[0m  [1m[35mDROP DATABASE IF EXISTS "spellbinder_fe_development"[0m
  [1m[35m (0.2ms)[0m  [1m[35mDROP DATABASE IF EXISTS "spellbinder_fe_test"[0m
  [1m[35m (217.7ms)[0m  [1m[35mCREATE DATABASE "spellbinder_fe_development" ENCODING = 'unicode'[0m
  [1m[35m (99.7ms)[0m  [1m[35mCREATE DATABASE "spellbinder_fe_test" ENCODING = 'unicode'[0m
  [1m[35m (13.8ms)[0m  [1m[35mCREATE TABLE "schema_migrations" ("version" character varying NOT NULL PRIMARY KEY)[0m
  [1m[35m (4.4ms)[0m  [1m[35mCREATE TABLE "ar_internal_metadata" ("key" character varying NOT NULL PRIMARY KEY, "value" character varying, "created_at" timestamp(6) NOT NULL, "updated_at" timestamp(6) NOT NULL)[0m
  [1m[35m (0.6ms)[0m  [1m[34mSELECT pg_try_advisory_lock(6442975894232411730)[0m
  [1m[36mActiveRecord::SchemaMigration Pluck (0.8ms)[0m  [1m[34mSELECT "schema_migrations"."version" FROM "schema_migrations" ORDER BY "schema_migrations"."version" ASC[0m
Migrating to CreateUsers (20230913002447)
  [1m[36mTRANSACTION (0.5ms)[0m  [1m[35mBEGIN[0m
  [1m[35m (8.4ms)[0m  [1m[35mCREATE TABLE "users" ("id" bigserial primary key, "email" character varying, "name" character varying, "created_at" timestamp(6) NOT NULL, "updated_at" timestamp(6) NOT NULL)[0m
  [1m[36mActiveRecord::SchemaMigration Create (1.4ms)[0m  [1m[32mINSERT INTO "schema_migrations" ("version") VALUES ($1) RETURNING "version"[0m  [["version", "20230913002447"]]
  [1m[36mTRANSACTION (0.6ms)[0m  [1m[35mCOMMIT[0m
  [1m[36mActiveRecord::InternalMetadata Load (0.4ms)[0m  [1m[34mSELECT "ar_internal_metadata".* FROM "ar_internal_metadata" WHERE "ar_internal_metadata"."key" = $1 LIMIT $2[0m  [["key", "environment"], ["LIMIT", 1]]
  [1m[36mTRANSACTION (0.1ms)[0m  [1m[35mBEGIN[0m
  [1m[36mActiveRecord::InternalMetadata Create (2.3ms)[0m  [1m[32mINSERT INTO "ar_internal_metadata" ("key", "value", "created_at", "updated_at") VALUES ($1, $2, $3, $4) RETURNING "key"[0m  [["key", "environment"], ["value", "development"], ["created_at", "2023-09-13 16:45:13.240151"], ["updated_at", "2023-09-13 16:45:13.240151"]]
  [1m[36mTRANSACTION (0.3ms)[0m  [1m[35mCOMMIT[0m
  [1m[35m (11.6ms)[0m  [1m[34mSELECT pg_advisory_unlock(6442975894232411730)[0m
  [1m[36mActiveRecord::SchemaMigration Pluck (0.4ms)[0m  [1m[34mSELECT "schema_migrations"."version" FROM "schema_migrations" ORDER BY "schema_migrations"."version" ASC[0m
Started GET "/" for ::1 at 2023-09-14 16:46:03 -0600
  [1m[36mActiveRecord::SchemaMigration Pluck (2.1ms)[0m  [1m[34mSELECT "schema_migrations"."version" FROM "schema_migrations" ORDER BY "schema_migrations"."version" ASC[0m
Processing by WelcomeController#index as HTML
  Rendering layout layouts/application.html.erb
  Rendering welcome/index.html.erb within layouts/application
  Rendered welcome/index.html.erb within layouts/application (Duration: 0.6ms | Allocations: 340)
  Rendered shared/_footer.html.erb (Duration: 2.5ms | Allocations: 586)
  Rendered layout layouts/application.html.erb (Duration: 154.1ms | Allocations: 91844)
Completed 200 OK in 312ms (Views: 156.4ms | ActiveRecord: 0.0ms | Allocations: 374955)


Started GET "/" for ::1 at 2023-09-14 16:46:06 -0600
Processing by WelcomeController#index as HTML
  Rendering layout layouts/application.html.erb
  Rendering welcome/index.html.erb within layouts/application
  Rendered welcome/index.html.erb within layouts/application (Duration: 0.1ms | Allocations: 7)
  Rendered shared/_footer.html.erb (Duration: 0.3ms | Allocations: 244)
  Rendered layout layouts/application.html.erb (Duration: 4.7ms | Allocations: 2613)
Completed 200 OK in 6ms (Views: 5.3ms | ActiveRecord: 0.0ms | Allocations: 2873)


Started GET "/coming_soon" for ::1 at 2023-09-14 16:46:07 -0600
Processing by StaticPagesController#coming_soon as HTML
  Rendering layout layouts/application.html.erb
  Rendering static_pages/coming_soon.html.erb within layouts/application
  Rendered static_pages/coming_soon.html.erb within layouts/application (Duration: 1.0ms | Allocations: 109)
  Rendered shared/_footer.html.erb (Duration: 0.3ms | Allocations: 274)
  Rendered layout layouts/application.html.erb (Duration: 5.1ms | Allocations: 2825)
Completed 200 OK in 8ms (Views: 6.9ms | ActiveRecord: 0.0ms | Allocations: 3471)


Started GET "/coming_soon" for ::1 at 2023-09-14 16:46:15 -0600
Processing by StaticPagesController#coming_soon as HTML
  Rendering layout layouts/application.html.erb
  Rendering static_pages/coming_soon.html.erb within layouts/application
  Rendered static_pages/coming_soon.html.erb within layouts/application (Duration: 0.1ms | Allocations: 7)
  Rendered shared/_footer.html.erb (Duration: 1.3ms | Allocations: 244)
  Rendered layout layouts/application.html.erb (Duration: 16.1ms | Allocations: 2587)
Completed 200 OK in 18ms (Views: 17.3ms | ActiveRecord: 0.0ms | Allocations: 2845)


Started GET "/" for ::1 at 2023-09-14 16:46:16 -0600
Processing by WelcomeController#index as HTML
  Rendering layout layouts/application.html.erb
  Rendering welcome/index.html.erb within layouts/application
  Rendered welcome/index.html.erb within layouts/application (Duration: 0.1ms | Allocations: 7)
  Rendered shared/_footer.html.erb (Duration: 0.4ms | Allocations: 244)
  Rendered layout layouts/application.html.erb (Duration: 15.3ms | Allocations: 2600)
Completed 200 OK in 16ms (Views: 15.7ms | ActiveRecord: 0.0ms | Allocations: 2860)


Started GET "/all_collections" for ::1 at 2023-09-14 16:46:18 -0600
  
ActionController::RoutingError (No route matches [GET] "/all_collections"):
  
Started GET "/" for ::1 at 2023-09-14 16:46:21 -0600
Processing by WelcomeController#index as HTML
  Rendering layout layouts/application.html.erb
  Rendering welcome/index.html.erb within layouts/application
  Rendered welcome/index.html.erb within layouts/application (Duration: 0.0ms | Allocations: 7)
  Rendered shared/_footer.html.erb (Duration: 0.3ms | Allocations: 244)
  Rendered layout layouts/application.html.erb (Duration: 4.9ms | Allocations: 2591)
Completed 200 OK in 6ms (Views: 5.3ms | ActiveRecord: 0.0ms | Allocations: 2848)


Started GET "/cards/random" for ::1 at 2023-09-14 16:46:22 -0600
Processing by CardsController#random_card as HTML
Completed 500 Internal Server Error in 340ms (ActiveRecord: 0.0ms | Allocations: 8419)


  
JSON::ParserError (unexpected token at '<!DOCTYPE html>
	<html>
	  <head>
		<meta name="viewport" content="width=device-width, initial-scale=1">
		<meta charset="utf-8">
		<title>Application Error</title>
		<style media="screen">
		  html,body,iframe {
			margin: 0;
			padding: 0;
		  }
		  html,body {
			height: 100%;
			overflow: hidden;
		  }
		  iframe {
			width: 100%;
			height: 100%;
			border: 0;
		  }
		</style>
	  </head>
	  <body>
		<iframe src="//www.herokucdn.com/error-pages/application-error.html"></iframe>
	  </body>
	</html>'):
  
app/services/spellbinder_service.rb:12:in `get_url'
app/services/spellbinder_service.rb:28:in `get_random_card'
app/facades/card_facade.rb:3:in `random_card'
app/controllers/cards_controller.rb:3:in `random_card'
Started GET "/" for ::1 at 2023-09-14 16:46:24 -0600
Processing by WelcomeController#index as HTML
  Rendering layout layouts/application.html.erb
  Rendering welcome/index.html.erb within layouts/application
  Rendered welcome/index.html.erb within layouts/application (Duration: 0.0ms | Allocations: 7)
  Rendered shared/_footer.html.erb (Duration: 0.3ms | Allocations: 244)
  Rendered layout layouts/application.html.erb (Duration: 4.8ms | Allocations: 2588)
Completed 200 OK in 6ms (Views: 5.4ms | ActiveRecord: 0.0ms | Allocations: 2844)


Started GET "/login" for ::1 at 2023-09-14 16:46:27 -0600
  
ActionController::RoutingError (No route matches [GET] "/login"):
  
Started GET "/" for ::1 at 2023-09-14 16:46:28 -0600
Processing by WelcomeController#index as HTML
  Rendering layout layouts/application.html.erb
  Rendering welcome/index.html.erb within layouts/application
  Rendered welcome/index.html.erb within layouts/application (Duration: 0.0ms | Allocations: 7)
  Rendered shared/_footer.html.erb (Duration: 0.2ms | Allocations: 244)
  Rendered layout layouts/application.html.erb (Duration: 3.4ms | Allocations: 2594)
Completed 200 OK in 5ms (Views: 3.7ms | ActiveRecord: 0.0ms | Allocations: 2850)


Started GET "/register" for ::1 at 2023-09-14 16:46:29 -0600
  
ActionController::RoutingError (No route matches [GET] "/register"):
  
Started GET "/" for ::1 at 2023-09-14 16:46:30 -0600
Processing by WelcomeController#index as HTML
  Rendering layout layouts/application.html.erb
  Rendering welcome/index.html.erb within layouts/application
  Rendered welcome/index.html.erb within layouts/application (Duration: 0.0ms | Allocations: 7)
  Rendered shared/_footer.html.erb (Duration: 0.2ms | Allocations: 244)
  Rendered layout layouts/application.html.erb (Duration: 3.0ms | Allocations: 2603)
Completed 200 OK in 4ms (Views: 3.4ms | ActiveRecord: 0.0ms | Allocations: 2859)


Started GET "/all_collections" for ::1 at 2023-09-14 16:46:32 -0600
  
ActionController::RoutingError (No route matches [GET] "/all_collections"):
  
Started GET "/" for ::1 at 2023-09-14 16:46:34 -0600
Processing by WelcomeController#index as HTML
  Rendering layout layouts/application.html.erb
  Rendering welcome/index.html.erb within layouts/application
  Rendered welcome/index.html.erb within layouts/application (Duration: 0.0ms | Allocations: 7)
  Rendered shared/_footer.html.erb (Duration: 0.9ms | Allocations: 244)
  Rendered layout layouts/application.html.erb (Duration: 4.1ms | Allocations: 2600)
Completed 200 OK in 5ms (Views: 4.5ms | ActiveRecord: 0.0ms | Allocations: 2856)


Started GET "/" for ::1 at 2023-09-14 16:47:00 -0600
Processing by WelcomeController#index as HTML
  Rendering layout layouts/application.html.erb
  Rendering welcome/index.html.erb within layouts/application
  Rendered welcome/index.html.erb within layouts/application (Duration: 0.8ms | Allocations: 148)
  Rendered shared/_footer.html.erb (Duration: 0.9ms | Allocations: 503)
  Rendered layout layouts/application.html.erb (Duration: 8.1ms | Allocations: 3341)
Completed 200 OK in 22ms (Views: 19.1ms | ActiveRecord: 0.0ms | Allocations: 4318)


Started GET "/collections" for ::1 at 2023-09-14 16:47:03 -0600
Processing by CollectionsController#index as HTML
Completed 500 Internal Server Error in 321ms (ActiveRecord: 0.0ms | Allocations: 1250)


  
JSON::ParserError (unexpected token at '<!DOCTYPE html>
	<html>
	  <head>
		<meta name="viewport" content="width=device-width, initial-scale=1">
		<meta charset="utf-8">
		<title>Application Error</title>
		<style media="screen">
		  html,body,iframe {
			margin: 0;
			padding: 0;
		  }
		  html,body {
			height: 100%;
			overflow: hidden;
		  }
		  iframe {
			width: 100%;
			height: 100%;
			border: 0;
		  }
		</style>
	  </head>
	  <body>
		<iframe src="//www.herokucdn.com/error-pages/application-error.html"></iframe>
	  </body>
	</html>'):
  
app/services/spellbinder_service.rb:12:in `get_url'
app/services/spellbinder_service.rb:20:in `get_collections'
app/facades/collection_facade.rb:3:in `get_collections'
app/controllers/collections_controller.rb:3:in `index'
Started GET "/" for ::1 at 2023-09-14 16:47:07 -0600
Processing by WelcomeController#index as HTML
  Rendering layout layouts/application.html.erb
  Rendering welcome/index.html.erb within layouts/application
  Rendered welcome/index.html.erb within layouts/application (Duration: 0.1ms | Allocations: 7)
  Rendered shared/_footer.html.erb (Duration: 0.4ms | Allocations: 244)
  Rendered layout layouts/application.html.erb (Duration: 5.6ms | Allocations: 2600)
Completed 200 OK in 7ms (Views: 6.1ms | ActiveRecord: 0.0ms | Allocations: 2857)


Started GET "/coming_soon" for ::1 at 2023-09-14 16:47:45 -0600
Processing by StaticPagesController#coming_soon as HTML
  Rendering layout layouts/application.html.erb
  Rendering static_pages/coming_soon.html.erb within layouts/application
  Rendered static_pages/coming_soon.html.erb within layouts/application (Duration: 1.7ms | Allocations: 102)
  Rendered shared/_footer.html.erb (Duration: 0.4ms | Allocations: 268)
  Rendered layout layouts/application.html.erb (Duration: 7.6ms | Allocations: 2795)
Completed 200 OK in 16ms (Views: 14.7ms | ActiveRecord: 0.0ms | Allocations: 3358)


Started GET "/" for ::1 at 2023-09-14 16:47:58 -0600
Processing by WelcomeController#index as HTML
  Rendering layout layouts/application.html.erb
  Rendering welcome/index.html.erb within layouts/application
  Rendered welcome/index.html.erb within layouts/application (Duration: 0.1ms | Allocations: 7)
  Rendered shared/_footer.html.erb (Duration: 0.4ms | Allocations: 244)
  Rendered layout layouts/application.html.erb (Duration: 6.1ms | Allocations: 2575)
Completed 200 OK in 9ms (Views: 6.6ms | ActiveRecord: 0.0ms | Allocations: 2834)


Started GET "/" for ::1 at 2023-09-14 16:48:08 -0600
Processing by WelcomeController#index as HTML
  Rendering layout layouts/application.html.erb
  Rendering welcome/index.html.erb within layouts/application
  Rendered welcome/index.html.erb within layouts/application (Duration: 0.1ms | Allocations: 7)
  Rendered shared/_footer.html.erb (Duration: 0.5ms | Allocations: 244)
  Rendered layout layouts/application.html.erb (Duration: 10.3ms | Allocations: 2575)
Completed 200 OK in 12ms (Views: 11.4ms | ActiveRecord: 0.0ms | Allocations: 2833)


Started GET "/coming_soon" for ::1 at 2023-09-14 16:48:09 -0600
Processing by StaticPagesController#coming_soon as HTML
  Rendering layout layouts/application.html.erb
  Rendering static_pages/coming_soon.html.erb within layouts/application
  Rendered static_pages/coming_soon.html.erb within layouts/application (Duration: 0.0ms | Allocations: 7)
  Rendered shared/_footer.html.erb (Duration: 0.2ms | Allocations: 244)
  Rendered layout layouts/application.html.erb (Duration: 3.7ms | Allocations: 2603)
Completed 200 OK in 4ms (Views: 4.0ms | ActiveRecord: 0.0ms | Allocations: 2862)


Started GET "/" for ::1 at 2023-09-14 16:48:12 -0600
Processing by WelcomeController#index as HTML
  Rendering layout layouts/application.html.erb
  Rendering welcome/index.html.erb within layouts/application
  Rendered welcome/index.html.erb within layouts/application (Duration: 0.0ms | Allocations: 7)
  Rendered shared/_footer.html.erb (Duration: 0.3ms | Allocations: 244)
  Rendered layout layouts/application.html.erb (Duration: 7.7ms | Allocations: 2587)
Completed 200 OK in 9ms (Views: 8.3ms | ActiveRecord: 0.0ms | Allocations: 2845)


Started GET "/coming_soon" for ::1 at 2023-09-14 16:48:50 -0600
Processing by StaticPagesController#coming_soon as HTML
  Rendering layout layouts/application.html.erb
  Rendering static_pages/coming_soon.html.erb within layouts/application
  Rendered static_pages/coming_soon.html.erb within layouts/application (Duration: 0.0ms | Allocations: 7)
  Rendered shared/_footer.html.erb (Duration: 0.3ms | Allocations: 244)
  Rendered layout layouts/application.html.erb (Duration: 4.8ms | Allocations: 2593)
Completed 200 OK in 7ms (Views: 5.4ms | ActiveRecord: 0.0ms | Allocations: 2851)


Started GET "/" for ::1 at 2023-09-14 16:48:56 -0600
Processing by WelcomeController#index as HTML
  Rendering layout layouts/application.html.erb
  Rendering welcome/index.html.erb within layouts/application
  Rendered welcome/index.html.erb within layouts/application (Duration: 0.1ms | Allocations: 7)
  Rendered shared/_footer.html.erb (Duration: 0.4ms | Allocations: 244)
  Rendered layout layouts/application.html.erb (Duration: 7.6ms | Allocations: 2575)
Completed 200 OK in 12ms (Views: 10.3ms | ActiveRecord: 0.0ms | Allocations: 2833)


